Мониторинг системы: 2025-10-26 18:06:03
CPU нагрузка: 3.32%
Использование памяти: 99%
Использование диска: 2%
Внимание! Использование памяти превышает 80% (99%).
Топ 5 процессов по использованию памяти:
Конец отчёта
Мониторинг системы: 2025-11-01 03:01:22
CPU нагрузка: 5.60%
Использование памяти: 99%
Использование диска: 2%
Внимание! Использование памяти превышает 80% (99%).
Топ 5 процессов по использованию памяти:
Конец отчёта
Мониторинг системы: 2025-11-01 11:15:40
CPU нагрузка: 3.58%
Использование памяти: 98%
Использование диска: 2%
Внимание! Использование памяти превышает 80% (98%).
Топ 5 процессов по использованию памяти:
Конец отчёта
Мониторинг системы: 2025-11-01 11:33:01
CPU нагрузка: 5.10%
Использование памяти: 98%
Использование диска: 2%
Внимание! Использование памяти превышает 80% (98%).
Топ 5 процессов по использованию памяти:
Конец отчёта
